/gen_nw_1/gen_nw__GCB26
/gen_nw_1/gen_nw__GCB8
/gen_nw_1/gen_nw__GCB9
/gen_nw_1/gen_nw__GCB30
/gen_nw_1/gen_nw__GCB28
/gen_nw_top_GT0
/gen_nw_1/gen_nw__GCB31
/gen_nw_1/gen_nw__GCB29
/gen_nw_1/gen_nw__GCB22
/gen_nw_top__GCB1
/gen_nw_1/gen_nw__GCB17
/gen_nw_top_GT1
/gen_nw_1/gen_nw__GCB24
/gen_nw_1/gen_nw__GCB14
/gen_nw_1/gen_nw__GCB2
/gen_nw_1/gen_nw__GCB21
/gen_nw_1/gen_nw__GCB7
/gen_nw_1/gen_nw__GCB13
/gen_nw_1/gen_nw__GCB10
/gen_nw_1/gen_nw__GCB12
/gen_nw_1/t_lvl_2_0
/gen_nw_1/pi_lvl_3_3
/gen_nw_top_GT3
/gen_nw_top_GT0__1
/gen_nw_top__GCB3
/gen_nw_top__GCB2
/gen_nw_1/gen_nw__GCB3
/gen_nw_1/gen_nw__GCB18
/gen_nw_1/t_lvl_2_1
/gen_nw_top_GT2
/gen_nw_1/pi_lvl_3_0
/gen_nw_top__GCB0
/gen_nw_1/gen_nw__GCB25
/gen_nw_1/hetero_sw_32328_lvl_1_0/hetero_sw_32328__GB0
/gen_nw_1/gen_nw__GCB23
/gen_nw_1/gen_nw__GCB27
/gen_nw_1/hetero_sw_32328_lvl_1_0/hetero_sw_32328__GB1
/gen_nw_1/gen_nw__GCB20
/gen_nw_1/gen_nw__GCB19
/gen_nw_1/gen_nw__GCB6
